<?xml version="1.0" encoding="UTF-8"?>
<testng-results ignored="0" total="0" passed="0" failed="0" skipped="0">
  <reporter-output>
  </reporter-output>
  <suite started-at="2023-08-09T03:59:55 UTC" name="Surefire suite" finished-at="2023-08-09T03:59:55 UTC" duration-ms="126">
    <groups>
    </groups>
    <test started-at="2023-08-09T03:59:55 UTC" name="Surefire test" finished-at="2023-08-09T03:59:55 UTC" duration-ms="126">
      <class name="com.examly.springapp.SpringApplicationTests">
        <test-method is-config="true" signature="beforeTest()[pri:0, instance:com.examly.springapp.SpringApplicationTests@35047d03]" started-at="2023-08-09T03:59:55 UTC" name="beforeTest" finished-at="2023-08-09T03:59:55 UTC" duration-ms="86" status="FAIL">
          <exception class="java.net.MalformedURLException">
            <message>
              <![CDATA[Error at index 0 in: "port>"]]>
            </message>
            <full-stacktrace>
              <![CDATA[java.net.MalformedURLException: Error at index 0 in: "port>"
at java.base/java.net.URL.<init>(URL.java:679)
at java.base/java.net.URL.<init>(URL.java:541)
at java.base/java.net.URL.<init>(URL.java:488)
at com.examly.springapp.SpringApplicationTests.beforeTest(SpringApplicationTests.java:22)
at java.base/jdk.internal.reflect.NativeMethodAccessorImpl.invoke0(Native Method)
at java.base/jdk.internal.reflect.NativeMethodAccessorImpl.invoke(NativeMethodAccessorImpl.java:62)
at java.base/jdk.internal.reflect.DelegatingMethodAccessorImpl.invoke(DelegatingMethodAccessorImpl.java:43)
at java.base/java.lang.reflect.Method.invoke(Method.java:566)
at org.testng.internal.invokers.MethodInvocationHelper.invokeMethod(MethodInvocationHelper.java:139)
at org.testng.internal.invokers.MethodInvocationHelper.invokeMethodConsideringTimeout(MethodInvocationHelper.java:69)
at org.testng.internal.invokers.ConfigInvoker.invokeConfigurationMethod(ConfigInvoker.java:361)
at org.testng.internal.invokers.ConfigInvoker.invokeConfigurations(ConfigInvoker.java:296)
at org.testng.TestRunner.invokeTestConfigurations(TestRunner.java:644)
at org.testng.TestRunner.beforeRun(TestRunner.java:633)
at org.testng.TestRunner.run(TestRunner.java:595)
at org.testng.SuiteRunner.runTest(SuiteRunner.java:437)
at org.testng.SuiteRunner.runSequentially(SuiteRunner.java:431)
at org.testng.SuiteRunner.privateRun(SuiteRunner.java:391)
at org.testng.SuiteRunner.run(SuiteRunner.java:330)
at org.testng.SuiteRunnerWorker.runSuite(SuiteRunnerWorker.java:52)
at org.testng.SuiteRunnerWorker.run(SuiteRunnerWorker.java:95)
at org.testng.TestNG.runSuitesSequentially(TestNG.java:1256)
at org.testng.TestNG.runSuitesLocally(TestNG.java:1176)
at org.testng.TestNG.runSuites(TestNG.java:1099)
at org.testng.TestNG.run(TestNG.java:1067)
at org.apache.maven.surefire.testng.TestNGExecutor.run(TestNGExecutor.java:135)
at org.apache.maven.surefire.testng.TestNGDirectoryTestSuite.executeSingleClass(TestNGDirectoryTestSuite.java:112)
at org.apache.maven.surefire.testng.TestNGDirectoryTestSuite.execute(TestNGDirectoryTestSuite.java:99)
at org.apache.maven.surefire.testng.TestNGProvider.invoke(TestNGProvider.java:146)
at org.apache.maven.surefire.booter.ForkedBooter.invokeProviderInSameClassLoader(ForkedBooter.java:384)
at org.apache.maven.surefire.booter.ForkedBooter.runSuitesInProcess(ForkedBooter.java:345)
at org.apache.maven.surefire.booter.ForkedBooter.execute(ForkedBooter.java:126)
at org.apache.maven.surefire.booter.ForkedBooter.main(ForkedBooter.java:418)
Caused by: java.lang.NumberFormatException: Error at index 0 in: "port>"
at java.base/java.lang.NumberFormatException.forCharSequence(NumberFormatException.java:81)
at java.base/java.lang.Integer.parseInt(Integer.java:735)
at java.base/java.net.URLStreamHandler.parseURL(URLStreamHandler.java:223)
at java.base/java.net.URL.<init>(URL.java:674)
... 32 more
]]>
            </full-stacktrace>
          </exception> <!-- java.net.MalformedURLException -->
          <reporter-output>
          </reporter-output>
        </test-method> <!-- beforeTest -->
        <test-method is-config="true" signature="afterTest()[pri:0, instance:com.examly.springapp.SpringApplicationTests@35047d03]" started-at="2023-08-09T03:59:55 UTC" name="afterTest" finished-at="2023-08-09T03:59:55 UTC" duration-ms="0" status="SKIP">
          <reporter-output>
          </reporter-output>
        </test-method> <!-- afterTest -->
      </class> <!-- com.examly.springapp.SpringApplicationTests -->
    </test> <!-- Surefire test -->
  </suite> <!-- Surefire suite -->
</testng-results>
